Analysis & Synthesis report for LogicalStep_Lab2_top
Sat Jan 31 17:33:44 2026
Quartus Prime Version 18.1.0 Build 625 09/12/2018 SJ Standard Edition


---------------------
; Table of Contents ;
---------------------
  1. Legal Notice
  2. Analysis & Synthesis Summary
  3. Analysis & Synthesis Settings
  4. Parallel Compilation
  5. Analysis & Synthesis Source Files Read
  6. Analysis & Synthesis Resource Usage Summary
  7. Analysis & Synthesis Resource Utilization by Entity
  8. Registers Removed During Synthesis
  9. General Register Statistics
 10. Port Connectivity Checks: "full_adder_4bit:u6"
 11. Port Connectivity Checks: "mux_4bit_2_to_1:u5"
 12. Port Connectivity Checks: "pb_inverters:u4"
 13. Port Connectivity Checks: "SevenSegment:u2"
 14. Post-Synthesis Netlist Statistics for Top Partition
 15. Elapsed Time Per Partition
 16. Analysis & Synthesis Messages



----------------
; Legal Notice ;
----------------
Copyright (C) 2018  Intel Corporation. All rights reserved.
Your use of Intel Corporation's design tools, logic functions 
and other software and tools, and its AMPP partner logic 
functions, and any output files from any of the foregoing 
(including device programming or simulation files), and any 
associated documentation or information are expressly subject 
to the terms and conditions of the Intel Program License 
Subscription Agreement, the Intel Quartus Prime License Agreement,
the Intel FPGA IP License Agreement, or other applicable license
agreement, including, without limitation, that your use is for
the sole purpose of programming logic devices manufactured by
Intel and sold by Intel or its authorized distributors.  Please
refer to the applicable agreement for further details.



+--------------------------------------------------------------------------------------+
; Analysis & Synthesis Summary                                                         ;
+------------------------------------+-------------------------------------------------+
; Analysis & Synthesis Status        ; Successful - Sat Jan 31 17:33:44 2026           ;
; Quartus Prime Version              ; 18.1.0 Build 625 09/12/2018 SJ Standard Edition ;
; Revision Name                      ; LogicalStep_Lab2_top                            ;
; Top-level Entity Name              ; LogicalStep_Lab2_top                            ;
; Family                             ; MAX 10                                          ;
; Total logic elements               ; 37                                              ;
;     Total combinational functions  ; 37                                              ;
;     Dedicated logic registers      ; 11                                              ;
; Total registers                    ; 11                                              ;
; Total pins                         ; 31                                              ;
; Total virtual pins                 ; 0                                               ;
; Total memory bits                  ; 0                                               ;
; Embedded Multiplier 9-bit elements ; 0                                               ;
; Total PLLs                         ; 0                                               ;
; UFM blocks                         ; 0                                               ;
; ADC blocks                         ; 0                                               ;
+------------------------------------+-------------------------------------------------+


+----------------------------------------------------------------------------------------------------------------+
; Analysis & Synthesis Settings                                                                                  ;
+------------------------------------------------------------------+----------------------+----------------------+
; Option                                                           ; Setting              ; Default Value        ;
+------------------------------------------------------------------+----------------------+----------------------+
; Device                                                           ; 10M08SAE144C8G       ;                      ;
; Top-level entity name                                            ; LogicalStep_Lab2_top ; LogicalStep_Lab2_top ;
; Family name                                                      ; MAX 10               ; Cyclone V            ;
; Use smart compilation                                            ; Off                  ; Off                  ;
; Enable parallel Assembler and Timing Analyzer during compilation ; On                   ; On                   ;
; Enable compact report table                                      ; Off                  ; Off                  ;
; Restructure Multiplexers                                         ; Auto                 ; Auto                 ;
; Create Debugging Nodes for IP Cores                              ; Off                  ; Off                  ;
; Preserve fewer node names                                        ; On                   ; On                   ;
; Intel FPGA IP Evaluation Mode                                    ; Enable               ; Enable               ;
; Verilog Version                                                  ; Verilog_2001         ; Verilog_2001         ;
; VHDL Version                                                     ; VHDL_1993            ; VHDL_1993            ;
; State Machine Processing                                         ; Auto                 ; Auto                 ;
; Safe State Machine                                               ; Off                  ; Off                  ;
; Extract Verilog State Machines                                   ; On                   ; On                   ;
; Extract VHDL State Machines                                      ; On                   ; On                   ;
; Ignore Verilog initial constructs                                ; Off                  ; Off                  ;
; Iteration limit for constant Verilog loops                       ; 5000                 ; 5000                 ;
; Iteration limit for non-constant Verilog loops                   ; 250                  ; 250                  ;
; Add Pass-Through Logic to Inferred RAMs                          ; On                   ; On                   ;
; Infer RAMs from Raw Logic                                        ; On                   ; On                   ;
; Parallel Synthesis                                               ; On                   ; On                   ;
; DSP Block Balancing                                              ; Auto                 ; Auto                 ;
; NOT Gate Push-Back                                               ; On                   ; On                   ;
; Power-Up Don't Care                                              ; On                   ; On                   ;
; Remove Redundant Logic Cells                                     ; Off                  ; Off                  ;
; Remove Duplicate Registers                                       ; On                   ; On                   ;
; Ignore CARRY Buffers                                             ; Off                  ; Off                  ;
; Ignore CASCADE Buffers                                           ; Off                  ; Off                  ;
; Ignore GLOBAL Buffers                                            ; Off                  ; Off                  ;
; Ignore ROW GLOBAL Buffers                                        ; Off                  ; Off                  ;
; Ignore LCELL Buffers                                             ; Off                  ; Off                  ;
; Ignore SOFT Buffers                                              ; On                   ; On                   ;
; Limit AHDL Integers to 32 Bits                                   ; Off                  ; Off                  ;
; Optimization Technique                                           ; Balanced             ; Balanced             ;
; Carry Chain Length                                               ; 70                   ; 70                   ;
; Auto Carry Chains                                                ; On                   ; On                   ;
; Auto Open-Drain Pins                                             ; On                   ; On                   ;
; Perform WYSIWYG Primitive Resynthesis                            ; Off                  ; Off                  ;
; Auto ROM Replacement                                             ; On                   ; On                   ;
; Auto RAM Replacement                                             ; On                   ; On                   ;
; Auto DSP Block Replacement                                       ; On                   ; On                   ;
; Auto Shift Register Replacement                                  ; Auto                 ; Auto                 ;
; Allow Shift Register Merging across Hierarchies                  ; Auto                 ; Auto                 ;
; Auto Clock Enable Replacement                                    ; On                   ; On                   ;
; Strict RAM Replacement                                           ; Off                  ; Off                  ;
; Allow Synchronous Control Signals                                ; On                   ; On                   ;
; Force Use of Synchronous Clear Signals                           ; Off                  ; Off                  ;
; Auto RAM Block Balancing                                         ; On                   ; On                   ;
; Auto RAM to Logic Cell Conversion                                ; Off                  ; Off                  ;
; Auto Resource Sharing                                            ; Off                  ; Off                  ;
; Allow Any RAM Size For Recognition                               ; Off                  ; Off                  ;
; Allow Any ROM Size For Recognition                               ; Off                  ; Off                  ;
; Allow Any Shift Register Size For Recognition                    ; Off                  ; Off                  ;
; Use LogicLock Constraints during Resource Balancing              ; On                   ; On                   ;
; Ignore translate_off and synthesis_off directives                ; Off                  ; Off                  ;
; Timing-Driven Synthesis                                          ; On                   ; On                   ;
; Report Parameter Settings                                        ; On                   ; On                   ;
; Report Source Assignments                                        ; On                   ; On                   ;
; Report Connectivity Checks                                       ; On                   ; On                   ;
; Ignore Maximum Fan-Out Assignments                               ; Off                  ; Off                  ;
; Synchronization Register Chain Length                            ; 2                    ; 2                    ;
; Power Optimization During Synthesis                              ; Normal compilation   ; Normal compilation   ;
; HDL message level                                                ; Level2               ; Level2               ;
; Suppress Register Optimization Related Messages                  ; Off                  ; Off                  ;
; Number of Removed Registers Reported in Synthesis Report         ; 5000                 ; 5000                 ;
; Number of Swept Nodes Reported in Synthesis Report               ; 5000                 ; 5000                 ;
; Number of Inverted Registers Reported in Synthesis Report        ; 100                  ; 100                  ;
; Clock MUX Protection                                             ; On                   ; On                   ;
; Auto Gated Clock Conversion                                      ; Off                  ; Off                  ;
; Block Design Naming                                              ; Auto                 ; Auto                 ;
; SDC constraint protection                                        ; Off                  ; Off                  ;
; Synthesis Effort                                                 ; Auto                 ; Auto                 ;
; Shift Register Replacement - Allow Asynchronous Clear Signal     ; On                   ; On                   ;
; Pre-Mapping Resynthesis Optimization                             ; Off                  ; Off                  ;
; Analysis & Synthesis Message Level                               ; Medium               ; Medium               ;
; Disable Register Merging Across Hierarchies                      ; Auto                 ; Auto                 ;
; Resource Aware Inference For Block RAM                           ; On                   ; On                   ;
+------------------------------------------------------------------+----------------------+----------------------+


+------------------------------------------+
; Parallel Compilation                     ;
+----------------------------+-------------+
; Processors                 ; Number      ;
+----------------------------+-------------+
; Number detected on machine ; 16          ;
; Maximum allowed            ; 12          ;
;                            ;             ;
; Average used               ; 1.00        ;
; Maximum used               ; 12          ;
;                            ;             ;
; Usage by Processor         ; % Time Used ;
;     Processor 1            ; 100.0%      ;
;     Processors 2-12        ;   0.0%      ;
+----------------------------+-------------+


+-----------------------------------------------------------------------------------------------------------------------------------------------+
; Analysis & Synthesis Source Files Read                                                                                                        ;
+----------------------------------+-----------------+------------------------+-------------------------------------------------------+---------+
; File Name with User-Entered Path ; Used in Netlist ; File Type              ; File Name with Absolute Path                          ; Library ;
+----------------------------------+-----------------+------------------------+-------------------------------------------------------+---------+
; SevenSegment.v                   ; yes             ; User Verilog HDL File  ; C:/Users/a82zheng/ECE-124/Lab2/SevenSegment.v         ;         ;
; segment7_mux.v                   ; yes             ; User Verilog HDL File  ; C:/Users/a82zheng/ECE-124/Lab2/segment7_mux.v         ;         ;
; LogicalStep_Lab2_top.v           ; yes             ; User Verilog HDL File  ; C:/Users/a82zheng/ECE-124/Lab2/LogicalStep_Lab2_top.v ;         ;
; mux_4bit_2_to_1.v                ; yes             ; User Verilog HDL File  ; C:/Users/a82zheng/ECE-124/Lab2/mux_4bit_2_to_1.v      ;         ;
; pb_Inverters.v                   ; yes             ; User Verilog HDL File  ; C:/Users/a82zheng/ECE-124/Lab2/pb_Inverters.v         ;         ;
; full_adder_4bit.v                ; yes             ; User Verilog HDL File  ; C:/Users/a82zheng/ECE-124/Lab2/full_adder_4bit.v      ;         ;
; full_adder_1bit.v                ; yes             ; User Verilog HDL File  ; C:/Users/a82zheng/ECE-124/Lab2/full_adder_1bit.v      ;         ;
+----------------------------------+-----------------+------------------------+-------------------------------------------------------+---------+


+-------------------------------------------------------------------------+
; Analysis & Synthesis Resource Usage Summary                             ;
+---------------------------------------------+---------------------------+
; Resource                                    ; Usage                     ;
+---------------------------------------------+---------------------------+
; Estimated Total logic elements              ; 37                        ;
;                                             ;                           ;
; Total combinational functions               ; 37                        ;
; Logic element usage by number of LUT inputs ;                           ;
;     -- 4 input functions                    ; 12                        ;
;     -- 3 input functions                    ; 12                        ;
;     -- <=2 input functions                  ; 13                        ;
;                                             ;                           ;
; Logic elements by mode                      ;                           ;
;     -- normal mode                          ; 28                        ;
;     -- arithmetic mode                      ; 9                         ;
;                                             ;                           ;
; Total registers                             ; 11                        ;
;     -- Dedicated logic registers            ; 11                        ;
;     -- I/O registers                        ; 0                         ;
;                                             ;                           ;
; I/O pins                                    ; 31                        ;
;                                             ;                           ;
; Embedded Multiplier 9-bit elements          ; 0                         ;
;                                             ;                           ;
; Maximum fan-out node                        ; segment7_mux:u3|count[10] ;
; Maximum fan-out                             ; 12                        ;
; Total fan-out                               ; 174                       ;
; Average fan-out                             ; 1.58                      ;
+---------------------------------------------+---------------------------+


+---------------------------------------------------------------------------------------------------------------------------------------------------------------------------------------------------------------------------------------------------------------------------------------+
; Analysis & Synthesis Resource Utilization by Entity                                                                                                                                                                                                                                   ;
+-----------------------------+---------------------+---------------------------+-------------+------------+--------------+---------+-----------+------+--------------+------------+--------------------------------------------------------------+----------------------+--------------+
; Compilation Hierarchy Node  ; Combinational ALUTs ; Dedicated Logic Registers ; Memory Bits ; UFM Blocks ; DSP Elements ; DSP 9x9 ; DSP 18x18 ; Pins ; Virtual Pins ; ADC blocks ; Full Hierarchy Name                                          ; Entity Name          ; Library Name ;
+-----------------------------+---------------------+---------------------------+-------------+------------+--------------+---------+-----------+------+--------------+------------+--------------------------------------------------------------+----------------------+--------------+
; |LogicalStep_Lab2_top       ; 37 (0)              ; 11 (0)                    ; 0           ; 0          ; 0            ; 0       ; 0         ; 31   ; 0            ; 0          ; |LogicalStep_Lab2_top                                        ; LogicalStep_Lab2_top ; work         ;
;    |SevenSegment:u1|        ; 4 (4)               ; 0 (0)                     ; 0           ; 0          ; 0            ; 0       ; 0         ; 0    ; 0            ; 0          ; |LogicalStep_Lab2_top|SevenSegment:u1                        ; SevenSegment         ; work         ;
;    |full_adder_4bit:u6|     ; 6 (0)               ; 0 (0)                     ; 0           ; 0          ; 0            ; 0       ; 0         ; 0    ; 0            ; 0          ; |LogicalStep_Lab2_top|full_adder_4bit:u6                     ; full_adder_4bit      ; work         ;
;       |full_adder_1bit:FA0| ; 1 (1)               ; 0 (0)                     ; 0           ; 0          ; 0            ; 0       ; 0         ; 0    ; 0            ; 0          ; |LogicalStep_Lab2_top|full_adder_4bit:u6|full_adder_1bit:FA0 ; full_adder_1bit      ; work         ;
;       |full_adder_1bit:FA1| ; 2 (2)               ; 0 (0)                     ; 0           ; 0          ; 0            ; 0       ; 0         ; 0    ; 0            ; 0          ; |LogicalStep_Lab2_top|full_adder_4bit:u6|full_adder_1bit:FA1 ; full_adder_1bit      ; work         ;
;       |full_adder_1bit:FA2| ; 2 (2)               ; 0 (0)                     ; 0           ; 0          ; 0            ; 0       ; 0         ; 0    ; 0            ; 0          ; |LogicalStep_Lab2_top|full_adder_4bit:u6|full_adder_1bit:FA2 ; full_adder_1bit      ; work         ;
;       |full_adder_1bit:FA3| ; 1 (1)               ; 0 (0)                     ; 0           ; 0          ; 0            ; 0       ; 0         ; 0    ; 0            ; 0          ; |LogicalStep_Lab2_top|full_adder_4bit:u6|full_adder_1bit:FA3 ; full_adder_1bit      ; work         ;
;    |mux_4bit_2_to_1:u5|     ; 4 (4)               ; 0 (0)                     ; 0           ; 0          ; 0            ; 0       ; 0         ; 0    ; 0            ; 0          ; |LogicalStep_Lab2_top|mux_4bit_2_to_1:u5                     ; mux_4bit_2_to_1      ; work         ;
;    |segment7_mux:u3|        ; 23 (23)             ; 11 (11)                   ; 0           ; 0          ; 0            ; 0       ; 0         ; 0    ; 0            ; 0          ; |LogicalStep_Lab2_top|segment7_mux:u3                        ; segment7_mux         ; work         ;
+-----------------------------+---------------------+---------------------------+-------------+------------+--------------+---------+-----------+------+--------------+------------+--------------------------------------------------------------+----------------------+--------------+
Note: For table entries with two numbers listed, the numbers in parentheses indicate the number of resources of the given type used by the specific entity alone. The numbers listed outside of parentheses indicate the total resources of the given type used by the specific entity and all of its sub-entities in the hierarchy.


+-------------------------------------------------------------+
; Registers Removed During Synthesis                          ;
+----------------------------------------+--------------------+
; Register name                          ; Reason for Removal ;
+----------------------------------------+--------------------+
; segment7_mux:u3|count[11..31]          ; Lost fanout        ;
; Total Number of Removed Registers = 21 ;                    ;
+----------------------------------------+--------------------+


+------------------------------------------------------+
; General Register Statistics                          ;
+----------------------------------------------+-------+
; Statistic                                    ; Value ;
+----------------------------------------------+-------+
; Total registers                              ; 11    ;
; Number of registers using Synchronous Clear  ; 0     ;
; Number of registers using Synchronous Load   ; 0     ;
; Number of registers using Asynchronous Clear ; 0     ;
; Number of registers using Asynchronous Load  ; 0     ;
; Number of registers using Clock Enable       ; 0     ;
; Number of registers using Preset             ; 0     ;
+----------------------------------------------+-------+


+------------------------------------------------+
; Port Connectivity Checks: "full_adder_4bit:u6" ;
+----------+-------+----------+------------------+
; Port     ; Type  ; Severity ; Details          ;
+----------+-------+----------+------------------+
; carry_in ; Input ; Info     ; Stuck at GND     ;
+----------+-------+----------+------------------+


+----------------------------------------------------------------------------------------------------------------------------------------------------------------------------------------------------------------+
; Port Connectivity Checks: "mux_4bit_2_to_1:u5"                                                                                                                                                                 ;
+----------+-------+----------+----------------------------------------------------------------------------------------------------------------------------------------------------------------------------------+
; Port     ; Type  ; Severity ; Details                                                                                                                                                                          ;
+----------+-------+----------+----------------------------------------------------------------------------------------------------------------------------------------------------------------------------------+
; selector ; Input ; Warning  ; Input port expression (2 bits) is wider than the input port (1 bits) it drives.  The 1 most-significant bit(s) in the expression will be dangling if they have no other fanouts. ;
+----------+-------+----------+----------------------------------------------------------------------------------------------------------------------------------------------------------------------------------+


+-----------------------------------------------------------------------------------------------------------------------+
; Port Connectivity Checks: "pb_inverters:u4"                                                                           ;
+-------------+--------+----------+-------------------------------------------------------------------------------------+
; Port        ; Type   ; Severity ; Details                                                                             ;
+-------------+--------+----------+-------------------------------------------------------------------------------------+
; pbout[3..1] ; Output ; Info     ; Connected to dangling logic. Logic that only feeds a dangling port will be removed. ;
+-------------+--------+----------+-------------------------------------------------------------------------------------+


+---------------------------------------------+
; Port Connectivity Checks: "SevenSegment:u2" ;
+-----------+-------+----------+--------------+
; Port      ; Type  ; Severity ; Details      ;
+-----------+-------+----------+--------------+
; hex[3..1] ; Input ; Info     ; Stuck at GND ;
+-----------+-------+----------+--------------+


+-----------------------------------------------------+
; Post-Synthesis Netlist Statistics for Top Partition ;
+-----------------------+-----------------------------+
; Type                  ; Count                       ;
+-----------------------+-----------------------------+
; boundary_port         ; 31                          ;
; cycloneiii_ff         ; 11                          ;
;     plain             ; 11                          ;
; cycloneiii_io_obuf    ; 3                           ;
; cycloneiii_lcell_comb ; 40                          ;
;     arith             ; 9                           ;
;         2 data inputs ; 8                           ;
;         3 data inputs ; 1                           ;
;     normal            ; 31                          ;
;         0 data inputs ; 1                           ;
;         1 data inputs ; 4                           ;
;         2 data inputs ; 3                           ;
;         3 data inputs ; 11                          ;
;         4 data inputs ; 12                          ;
;                       ;                             ;
; Max LUT depth         ; 6.00                        ;
; Average LUT depth     ; 2.95                        ;
+-----------------------+-----------------------------+


+-------------------------------+
; Elapsed Time Per Partition    ;
+----------------+--------------+
; Partition Name ; Elapsed Time ;
+----------------+--------------+
; Top            ; 00:00:00     ;
+----------------+--------------+


+-------------------------------+
; Analysis & Synthesis Messages ;
+-------------------------------+
Info: *******************************************************************
Info: Running Quartus Prime Analysis & Synthesis
    Info: Version 18.1.0 Build 625 09/12/2018 SJ Standard Edition
    Info: Processing started: Sat Jan 31 17:33:36 2026
Info: Command: quartus_map --read_settings_files=on --write_settings_files=off LogicalStep_Lab2 -c LogicalStep_Lab2_top
Warning (18236): Number of processors has not been specified which may cause overloading on shared machines.  Set the global assignment NUM_PARALLEL_PROCESSORS in your QSF to an appropriate value for best performance.
Info (20030): Parallel compilation is enabled and will use 12 of the 12 processors detected
Info (12021): Found 1 design units, including 1 entities, in source file sevensegment.v
    Info (12023): Found entity 1: SevenSegment File: C:/Users/a82zheng/ECE-124/Lab2/SevenSegment.v Line: 1
Info (12021): Found 1 design units, including 1 entities, in source file segment7_mux.v
    Info (12023): Found entity 1: segment7_mux File: C:/Users/a82zheng/ECE-124/Lab2/segment7_mux.v Line: 2
Info (12021): Found 1 design units, including 1 entities, in source file logicalstep_lab2_top.v
    Info (12023): Found entity 1: LogicalStep_Lab2_top File: C:/Users/a82zheng/ECE-124/Lab2/LogicalStep_Lab2_top.v Line: 1
Warning (12019): Can't analyze file -- file LogicalStep_Lab2_top.vhd is missing
Warning (12019): Can't analyze file -- file segment7_mux.vhd is missing
Warning (12019): Can't analyze file -- file SevenSegment.vhd is missing
Info (12021): Found 1 design units, including 1 entities, in source file mux_4bit_2_to_1.v
    Info (12023): Found entity 1: mux_4bit_2_to_1 File: C:/Users/a82zheng/ECE-124/Lab2/mux_4bit_2_to_1.v Line: 1
Info (12021): Found 1 design units, including 1 entities, in source file pb_inverters.v
    Info (12023): Found entity 1: pb_inverters File: C:/Users/a82zheng/ECE-124/Lab2/pb_Inverters.v Line: 1
Info (12021): Found 1 design units, including 1 entities, in source file full_adder_4bit.v
    Info (12023): Found entity 1: full_adder_4bit File: C:/Users/a82zheng/ECE-124/Lab2/full_adder_4bit.v Line: 1
Info (12021): Found 1 design units, including 1 entities, in source file full_adder_1bit.v
    Info (12023): Found entity 1: full_adder_1bit File: C:/Users/a82zheng/ECE-124/Lab2/full_adder_1bit.v Line: 1
Info (12127): Elaborating entity "LogicalStep_Lab2_top" for the top level hierarchy
Warning (10034): Output port "leds[7..4]" at LogicalStep_Lab2_top.v(8) has no driver File: C:/Users/a82zheng/ECE-124/Lab2/LogicalStep_Lab2_top.v Line: 8
Info (12128): Elaborating entity "SevenSegment" for hierarchy "SevenSegment:u1" File: C:/Users/a82zheng/ECE-124/Lab2/LogicalStep_Lab2_top.v Line: 34
Info (12128): Elaborating entity "segment7_mux" for hierarchy "segment7_mux:u3" File: C:/Users/a82zheng/ECE-124/Lab2/LogicalStep_Lab2_top.v Line: 53
Info (12128): Elaborating entity "pb_inverters" for hierarchy "pb_inverters:u4" File: C:/Users/a82zheng/ECE-124/Lab2/LogicalStep_Lab2_top.v Line: 58
Info (12128): Elaborating entity "mux_4bit_2_to_1" for hierarchy "mux_4bit_2_to_1:u5" File: C:/Users/a82zheng/ECE-124/Lab2/LogicalStep_Lab2_top.v Line: 65
Info (12128): Elaborating entity "full_adder_4bit" for hierarchy "full_adder_4bit:u6" File: C:/Users/a82zheng/ECE-124/Lab2/LogicalStep_Lab2_top.v Line: 73
Info (12128): Elaborating entity "full_adder_1bit" for hierarchy "full_adder_4bit:u6|full_adder_1bit:FA0" File: C:/Users/a82zheng/ECE-124/Lab2/full_adder_4bit.v Line: 21
Warning (12241): 1 hierarchies have connectivity warnings - see the Connectivity Checks report folder
Warning (13024): Output pins are stuck at VCC or GND
    Warning (13410): Pin "leds[4]" is stuck at GND File: C:/Users/a82zheng/ECE-124/Lab2/LogicalStep_Lab2_top.v Line: 8
    Warning (13410): Pin "leds[5]" is stuck at GND File: C:/Users/a82zheng/ECE-124/Lab2/LogicalStep_Lab2_top.v Line: 8
    Warning (13410): Pin "leds[6]" is stuck at GND File: C:/Users/a82zheng/ECE-124/Lab2/LogicalStep_Lab2_top.v Line: 8
    Warning (13410): Pin "leds[7]" is stuck at GND File: C:/Users/a82zheng/ECE-124/Lab2/LogicalStep_Lab2_top.v Line: 8
Info (286030): Timing-Driven Synthesis is running
Info (17049): 21 registers lost all their fanouts during netlist optimizations.
Info (16010): Generating hard_block partition "hard_block:auto_generated_inst"
    Info (16011): Adding 0 node(s), including 0 DDIO, 0 PLL, 0 transceiver and 0 LCELL
Warning (21074): Design contains 4 input pin(s) that do not drive logic
    Warning (15610): No output dependent on input pin "rst_n" File: C:/Users/a82zheng/ECE-124/Lab2/LogicalStep_Lab2_top.v Line: 3
    Warning (15610): No output dependent on input pin "pb_n[1]" File: C:/Users/a82zheng/ECE-124/Lab2/LogicalStep_Lab2_top.v Line: 6
    Warning (15610): No output dependent on input pin "pb_n[2]" File: C:/Users/a82zheng/ECE-124/Lab2/LogicalStep_Lab2_top.v Line: 6
    Warning (15610): No output dependent on input pin "pb_n[3]" File: C:/Users/a82zheng/ECE-124/Lab2/LogicalStep_Lab2_top.v Line: 6
Info (21057): Implemented 68 device resources after synthesis - the final resource count might be different
    Info (21058): Implemented 14 input pins
    Info (21059): Implemented 17 output pins
    Info (21061): Implemented 37 logic cells
Info: Quartus Prime Analysis & Synthesis was successful. 0 errors, 16 warnings
    Info: Peak virtual memory: 4829 megabytes
    Info: Processing ended: Sat Jan 31 17:33:44 2026
    Info: Elapsed time: 00:00:08
    Info: Total CPU time (on all processors): 00:00:15


